[0.880s] Invoking command in '/my_bot/build/my_robot_controller': PYTHONPATH=/my_bot/build/my_robot_controller/prefix_override:/usr/lib/python3/dist-packages/colcon_core/task/python/colcon_distutils_commands:/my_bot/install/my_robot_controller/lib/python3.10/site-packages:${PYTHONPATH} /usr/bin/python3 -W ignore:setup.py install is deprecated setup.py develop --editable --build-directory /my_bot/build/my_robot_controller/build --no-deps symlink_data
[1.212s] running develop
[1.212s] /usr/lib/python3/dist-packages/setuptools/command/easy_install.py:158: EasyInstallDeprecationWarning: easy_install command is deprecated. Use build and pip and other standards-based tools.
[1.213s]   warnings.warn(
[1.388s] running egg_info
[1.388s] writing my_robot_controller.egg-info/PKG-INFO
[1.388s] writing dependency_links to my_robot_controller.egg-info/dependency_links.txt
[1.388s] writing entry points to my_robot_controller.egg-info/entry_points.txt
[1.389s] writing requirements to my_robot_controller.egg-info/requires.txt
[1.389s] writing top-level names to my_robot_controller.egg-info/top_level.txt
[1.391s] reading manifest file 'my_robot_controller.egg-info/SOURCES.txt'
[1.392s] writing manifest file 'my_robot_controller.egg-info/SOURCES.txt'
[1.394s] running build_ext
[1.394s] Creating /my_bot/install/my_robot_controller/lib/python3.10/site-packages/my-robot-controller.egg-link (link to .)
[1.396s] Installing my_bot_controller script to /my_bot/install/my_robot_controller/lib/my_robot_controller
[1.396s] Installing my_bot_footballer script to /my_bot/install/my_robot_controller/lib/my_robot_controller
[1.396s] 
[1.397s] Installed /my_bot/build/my_robot_controller
[1.397s] running symlink_data
[1.438s] Invoked command in '/my_bot/build/my_robot_controller' returned '0': PYTHONPATH=/my_bot/build/my_robot_controller/prefix_override:/usr/lib/python3/dist-packages/colcon_core/task/python/colcon_distutils_commands:/my_bot/install/my_robot_controller/lib/python3.10/site-packages:${PYTHONPATH} /usr/bin/python3 -W ignore:setup.py install is deprecated setup.py develop --editable --build-directory /my_bot/build/my_robot_controller/build --no-deps symlink_data
