[0.101s] DEBUG:colcon:Command line arguments: ['/usr/bin/colcon', 'build', '--symlink-install']
[0.101s] DEBUG:colcon:Parsed command line arguments: Namespace(log_base=None, log_level=None, verb_name='build', build_base='build', install_base='install', merge_install=False, symlink_install=True, test_result_base=None, continue_on_error=False, executor='parallel', parallel_workers=16, event_handlers=None, ignore_user_meta=False, metas=['./colcon.meta'], base_paths=['.'], packages_ignore=None, packages_ignore_regex=None, paths=None, packages_up_to=None, packages_up_to_regex=None, packages_above=None, packages_above_and_dependencies=None, packages_above_depth=None, packages_select_by_dep=None, packages_skip_by_dep=None, packages_skip_up_to=None, packages_select_build_failed=False, packages_skip_build_finished=False, packages_select_test_failures=False, packages_skip_test_passed=False, packages_select=None, packages_skip=None, packages_select_regex=None, packages_skip_regex=None, packages_start=None, packages_end=None, cmake_args=None, cmake_target=None, cmake_target_skip_unavailable=False, cmake_clean_cache=False, cmake_clean_first=False, cmake_force_configure=False, ament_cmake_args=None, catkin_cmake_args=None, catkin_skip_building_tests=False, mixin_files=None, mixin=None, verb_parser=<colcon_mixin.mixin.mixin_argument.MixinArgumentDecorator object at 0x71c0491c4760>, verb_extension=<colcon_core.verb.build.BuildVerb object at 0x71c0491c41f0>, main=<bound method BuildVerb.main of <colcon_core.verb.build.BuildVerb object at 0x71c0491c41f0>>, mixin_verb=('build',))
[0.235s] Level 1:colcon.colcon_core.package_discovery:discover_packages(colcon_meta) check parameters
[0.235s] Level 1:colcon.colcon_core.package_discovery:discover_packages(recursive) check parameters
[0.235s] Level 1:colcon.colcon_core.package_discovery:discover_packages(ignore) check parameters
[0.235s] Level 1:colcon.colcon_core.package_discovery:discover_packages(path) check parameters
[0.235s] Level 1:colcon.colcon_core.package_discovery:discover_packages(colcon_meta) discover
[0.235s] Level 1:colcon.colcon_core.package_discovery:discover_packages(recursive) discover
[0.235s] INFO:colcon.colcon_core.package_discovery:Crawling recursively for packages in '/my_bot'
[0.235s] Level 1:colcon.colcon_core.package_identification:_identify(.) by extensions ['ignore', 'ignore_ament_install']
[0.235s] Level 1:colcon.colcon_core.package_identification:_identify(.) by extension 'ignore'
[0.235s] Level 1:colcon.colcon_core.package_identification:_identify(.) by extension 'ignore_ament_install'
[0.235s] Level 1:colcon.colcon_core.package_identification:_identify(.) by extensions ['colcon_pkg']
[0.235s] Level 1:colcon.colcon_core.package_identification:_identify(.) by extension 'colcon_pkg'
[0.235s] Level 1:colcon.colcon_core.package_identification:_identify(.) by extensions ['colcon_meta']
[0.235s] Level 1:colcon.colcon_core.package_identification:_identify(.) by extension 'colcon_meta'
[0.235s] Level 1:colcon.colcon_core.package_identification:_identify(.) by extensions ['ros']
[0.235s] Level 1:colcon.colcon_core.package_identification:_identify(.) by extension 'ros'
[0.246s] Level 1:colcon.colcon_core.package_identification:_identify(.) by extensions ['cmake', 'python']
[0.246s] Level 1:colcon.colcon_core.package_identification:_identify(.) by extension 'cmake'
[0.246s] Level 1:colcon.colcon_core.package_identification:_identify(.) by extension 'python'
[0.246s] Level 1:colcon.colcon_core.package_identification:_identify(.) by extensions ['python_setup_py']
[0.246s] Level 1:colcon.colcon_core.package_identification:_identify(.) by extension 'python_setup_py'
[0.246s] Level 1:colcon.colcon_core.package_identification:_identify(build) by extensions ['ignore', 'ignore_ament_install']
[0.246s] Level 1:colcon.colcon_core.package_identification:_identify(build) by extension 'ignore'
[0.246s] Level 1:colcon.colcon_core.package_identification:_identify(build) ignored
[0.247s] Level 1:colcon.colcon_core.package_identification:_identify(install) by extensions ['ignore', 'ignore_ament_install']
[0.247s] Level 1:colcon.colcon_core.package_identification:_identify(install) by extension 'ignore'
[0.247s] Level 1:colcon.colcon_core.package_identification:_identify(install) ignored
[0.247s] Level 1:colcon.colcon_core.package_identification:_identify(log) by extensions ['ignore', 'ignore_ament_install']
[0.247s] Level 1:colcon.colcon_core.package_identification:_identify(log) by extension 'ignore'
[0.247s] Level 1:colcon.colcon_core.package_identification:_identify(log) ignored
[0.247s] Level 1:colcon.colcon_core.package_identification:_identify(src) by extensions ['ignore', 'ignore_ament_install']
[0.247s] Level 1:colcon.colcon_core.package_identification:_identify(src) by extension 'ignore'
[0.247s] Level 1:colcon.colcon_core.package_identification:_identify(src) by extension 'ignore_ament_install'
[0.247s] Level 1:colcon.colcon_core.package_identification:_identify(src) by extensions ['colcon_pkg']
[0.247s] Level 1:colcon.colcon_core.package_identification:_identify(src) by extension 'colcon_pkg'
[0.247s] Level 1:colcon.colcon_core.package_identification:_identify(src) by extensions ['colcon_meta']
[0.247s] Level 1:colcon.colcon_core.package_identification:_identify(src) by extension 'colcon_meta'
[0.247s] Level 1:colcon.colcon_core.package_identification:_identify(src) by extensions ['ros']
[0.247s] Level 1:colcon.colcon_core.package_identification:_identify(src) by extension 'ros'
[0.247s] Level 1:colcon.colcon_core.package_identification:_identify(src) by extensions ['cmake', 'python']
[0.247s] Level 1:colcon.colcon_core.package_identification:_identify(src) by extension 'cmake'
[0.247s] Level 1:colcon.colcon_core.package_identification:_identify(src) by extension 'python'
[0.247s] Level 1:colcon.colcon_core.package_identification:_identify(src) by extensions ['python_setup_py']
[0.247s] Level 1:colcon.colcon_core.package_identification:_identify(src) by extension 'python_setup_py'
[0.248s] Level 1:colcon.colcon_core.package_identification:_identify(src/my_bot) by extensions ['ignore', 'ignore_ament_install']
[0.248s] Level 1:colcon.colcon_core.package_identification:_identify(src/my_bot) by extension 'ignore'
[0.248s] Level 1:colcon.colcon_core.package_identification:_identify(src/my_bot) by extension 'ignore_ament_install'
[0.248s] Level 1:colcon.colcon_core.package_identification:_identify(src/my_bot) by extensions ['colcon_pkg']
[0.248s] Level 1:colcon.colcon_core.package_identification:_identify(src/my_bot) by extension 'colcon_pkg'
[0.248s] Level 1:colcon.colcon_core.package_identification:_identify(src/my_bot) by extensions ['colcon_meta']
[0.248s] Level 1:colcon.colcon_core.package_identification:_identify(src/my_bot) by extension 'colcon_meta'
[0.248s] Level 1:colcon.colcon_core.package_identification:_identify(src/my_bot) by extensions ['ros']
[0.248s] Level 1:colcon.colcon_core.package_identification:_identify(src/my_bot) by extension 'ros'
[0.251s] DEBUG:colcon.colcon_core.package_identification:Package 'src/my_bot' with type 'ros.ament_cmake' and name 'my_bot'
[0.251s] Level 1:colcon.colcon_core.package_identification:_identify(src/my_robot_controller) by extensions ['ignore', 'ignore_ament_install']
[0.251s] Level 1:colcon.colcon_core.package_identification:_identify(src/my_robot_controller) by extension 'ignore'
[0.251s] Level 1:colcon.colcon_core.package_identification:_identify(src/my_robot_controller) by extension 'ignore_ament_install'
[0.251s] Level 1:colcon.colcon_core.package_identification:_identify(src/my_robot_controller) by extensions ['colcon_pkg']
[0.251s] Level 1:colcon.colcon_core.package_identification:_identify(src/my_robot_controller) by extension 'colcon_pkg'
[0.251s] Level 1:colcon.colcon_core.package_identification:_identify(src/my_robot_controller) by extensions ['colcon_meta']
[0.251s] Level 1:colcon.colcon_core.package_identification:_identify(src/my_robot_controller) by extension 'colcon_meta'
[0.251s] Level 1:colcon.colcon_core.package_identification:_identify(src/my_robot_controller) by extensions ['ros']
[0.251s] Level 1:colcon.colcon_core.package_identification:_identify(src/my_robot_controller) by extension 'ros'
[0.253s] DEBUG:colcon.colcon_core.package_identification:Package 'src/my_robot_controller' with type 'ros.ament_python' and name 'my_robot_controller'
[0.253s] Level 1:colcon.colcon_core.package_discovery:discover_packages(recursive) using defaults
[0.253s] Level 1:colcon.colcon_core.package_discovery:discover_packages(ignore) discover
[0.253s] Level 1:colcon.colcon_core.package_discovery:discover_packages(ignore) using defaults
[0.253s] Level 1:colcon.colcon_core.package_discovery:discover_packages(path) discover
[0.253s] Level 1:colcon.colcon_core.package_discovery:discover_packages(path) using defaults
[0.278s] Level 5:colcon.colcon_core.verb:set package 'my_bot' build argument 'cmake_args' from command line to 'None'
[0.278s] Level 5:colcon.colcon_core.verb:set package 'my_bot' build argument 'cmake_target' from command line to 'None'
[0.278s] Level 5:colcon.colcon_core.verb:set package 'my_bot' build argument 'cmake_target_skip_unavailable' from command line to 'False'
[0.278s] Level 5:colcon.colcon_core.verb:set package 'my_bot' build argument 'cmake_clean_cache' from command line to 'False'
[0.278s] Level 5:colcon.colcon_core.verb:set package 'my_bot' build argument 'cmake_clean_first' from command line to 'False'
[0.278s] Level 5:colcon.colcon_core.verb:set package 'my_bot' build argument 'cmake_force_configure' from command line to 'False'
[0.278s] Level 5:colcon.colcon_core.verb:set package 'my_bot' build argument 'ament_cmake_args' from command line to 'None'
[0.278s] Level 5:colcon.colcon_core.verb:set package 'my_bot' build argument 'catkin_cmake_args' from command line to 'None'
[0.278s] Level 5:colcon.colcon_core.verb:set package 'my_bot' build argument 'catkin_skip_building_tests' from command line to 'False'
[0.278s] DEBUG:colcon.colcon_core.verb:Building package 'my_bot' with the following arguments: {'ament_cmake_args': None, 'build_base': '/my_bot/build/my_bot', 'catkin_cmake_args': None, 'catkin_skip_building_tests': False, 'cmake_args': None, 'cmake_clean_cache': False, 'cmake_clean_first': False, 'cmake_force_configure': False, 'cmake_target': None, 'cmake_target_skip_unavailable': False, 'install_base': '/my_bot/install/my_bot', 'merge_install': False, 'path': '/my_bot/src/my_bot', 'symlink_install': True, 'test_result_base': None}
[0.279s] Level 5:colcon.colcon_core.verb:set package 'my_robot_controller' build argument 'cmake_args' from command line to 'None'
[0.279s] Level 5:colcon.colcon_core.verb:set package 'my_robot_controller' build argument 'cmake_target' from command line to 'None'
[0.279s] Level 5:colcon.colcon_core.verb:set package 'my_robot_controller' build argument 'cmake_target_skip_unavailable' from command line to 'False'
[0.279s] Level 5:colcon.colcon_core.verb:set package 'my_robot_controller' build argument 'cmake_clean_cache' from command line to 'False'
[0.279s] Level 5:colcon.colcon_core.verb:set package 'my_robot_controller' build argument 'cmake_clean_first' from command line to 'False'
[0.279s] Level 5:colcon.colcon_core.verb:set package 'my_robot_controller' build argument 'cmake_force_configure' from command line to 'False'
[0.279s] Level 5:colcon.colcon_core.verb:set package 'my_robot_controller' build argument 'ament_cmake_args' from command line to 'None'
[0.279s] Level 5:colcon.colcon_core.verb:set package 'my_robot_controller' build argument 'catkin_cmake_args' from command line to 'None'
[0.279s] Level 5:colcon.colcon_core.verb:set package 'my_robot_controller' build argument 'catkin_skip_building_tests' from command line to 'False'
[0.279s] DEBUG:colcon.colcon_core.verb:Building package 'my_robot_controller' with the following arguments: {'ament_cmake_args': None, 'build_base': '/my_bot/build/my_robot_controller', 'catkin_cmake_args': None, 'catkin_skip_building_tests': False, 'cmake_args': None, 'cmake_clean_cache': False, 'cmake_clean_first': False, 'cmake_force_configure': False, 'cmake_target': None, 'cmake_target_skip_unavailable': False, 'install_base': '/my_bot/install/my_robot_controller', 'merge_install': False, 'path': '/my_bot/src/my_robot_controller', 'symlink_install': True, 'test_result_base': None}
[0.279s] INFO:colcon.colcon_core.executor:Executing jobs using 'parallel' executor
[0.280s] DEBUG:colcon.colcon_parallel_executor.executor.parallel:run_until_complete
[0.280s] INFO:colcon.colcon_ros.task.ament_cmake.build:Building ROS package in '/my_bot/src/my_bot' with build type 'ament_cmake'
[0.281s] INFO:colcon.colcon_cmake.task.cmake.build:Building CMake package in '/my_bot/src/my_bot'
[0.283s] INFO:colcon.colcon_core.plugin_system:Skipping extension 'colcon_core.shell.bat': Not used on non-Windows systems
[0.283s] INFO:colcon.colcon_core.shell:Skip shell extension 'powershell' for command environment: Not usable outside of PowerShell
[0.283s] DEBUG:colcon.colcon_core.shell:Skip shell extension 'dsv' for command environment
[0.290s] INFO:colcon.colcon_ros.task.ament_python.build:Building ROS package in '/my_bot/src/my_robot_controller' with build type 'ament_python'
[0.290s] Level 1:colcon.colcon_core.shell:create_environment_hook('my_robot_controller', 'ament_prefix_path')
[0.291s] INFO:colcon.colcon_core.shell:Creating environment hook '/my_bot/install/my_robot_controller/share/my_robot_controller/hook/ament_prefix_path.ps1'
[0.292s] INFO:colcon.colcon_core.shell:Creating environment descriptor '/my_bot/install/my_robot_controller/share/my_robot_controller/hook/ament_prefix_path.dsv'
[0.293s] INFO:colcon.colcon_core.shell:Creating environment hook '/my_bot/install/my_robot_controller/share/my_robot_controller/hook/ament_prefix_path.sh'
[0.294s] INFO:colcon.colcon_core.shell:Skip shell extension 'powershell' for command environment: Not usable outside of PowerShell
[0.294s] DEBUG:colcon.colcon_core.shell:Skip shell extension 'dsv' for command environment
[0.307s] DEBUG:colcon.colcon_core.event_handler.log_command:Invoking command in '/my_bot/build/my_bot': CMAKE_PREFIX_PATH=${CMAKE_PREFIX_PATH}:/my_bot/install/my_robot_controller:/opt/ros/humble /usr/bin/cmake --build /my_bot/build/my_bot -- -j16 -l16
[0.665s] INFO:colcon.colcon_core.task.python.build:Building Python package in '/my_bot/src/my_robot_controller'
[0.665s] INFO:colcon.colcon_core.shell:Skip shell extension 'powershell' for command environment: Not usable outside of PowerShell
[0.665s] DEBUG:colcon.colcon_core.shell:Skip shell extension 'dsv' for command environment
[0.671s] DEBUG:colcon.colcon_core.event_handler.log_command:Invoked command in '/my_bot/build/my_bot' returned '0': CMAKE_PREFIX_PATH=${CMAKE_PREFIX_PATH}:/my_bot/install/my_robot_controller:/opt/ros/humble /usr/bin/cmake --build /my_bot/build/my_bot -- -j16 -l16
[0.725s] DEBUG:colcon.colcon_core.event_handler.log_command:Invoking command in '/my_bot/build/my_bot': CMAKE_PREFIX_PATH=${CMAKE_PREFIX_PATH}:/my_bot/install/my_robot_controller:/opt/ros/humble /usr/bin/cmake --install /my_bot/build/my_bot
[0.758s] Level 1:colcon.colcon_core.environment:create_environment_scripts_only(my_bot)
[0.758s] DEBUG:colcon.colcon_core.event_handler.log_command:Invoked command in '/my_bot/build/my_bot' returned '0': CMAKE_PREFIX_PATH=${CMAKE_PREFIX_PATH}:/my_bot/install/my_robot_controller:/opt/ros/humble /usr/bin/cmake --install /my_bot/build/my_bot
[0.760s] Level 1:colcon.colcon_core.environment:checking '/my_bot/install/my_bot' for CMake module files
[0.761s] Level 1:colcon.colcon_core.environment:checking '/my_bot/install/my_bot' for CMake config files
[0.761s] Level 1:colcon.colcon_core.shell:create_environment_hook('my_bot', 'cmake_prefix_path')
[0.762s] INFO:colcon.colcon_core.shell:Creating environment hook '/my_bot/install/my_bot/share/my_bot/hook/cmake_prefix_path.ps1'
[0.762s] INFO:colcon.colcon_core.shell:Creating environment descriptor '/my_bot/install/my_bot/share/my_bot/hook/cmake_prefix_path.dsv'
[0.763s] INFO:colcon.colcon_core.shell:Creating environment hook '/my_bot/install/my_bot/share/my_bot/hook/cmake_prefix_path.sh'
[0.764s] Level 1:colcon.colcon_core.environment:checking '/my_bot/install/my_bot/bin'
[0.764s] Level 1:colcon.colcon_core.environment:checking '/my_bot/install/my_bot/lib/pkgconfig/my_bot.pc'
[0.764s] Level 1:colcon.colcon_core.environment:checking '/my_bot/install/my_bot/lib/python3.10/site-packages'
[0.764s] Level 1:colcon.colcon_core.environment:checking '/my_bot/install/my_bot/bin'
[0.765s] INFO:colcon.colcon_core.shell:Creating package script '/my_bot/install/my_bot/share/my_bot/package.ps1'
[0.766s] INFO:colcon.colcon_core.shell:Creating package descriptor '/my_bot/install/my_bot/share/my_bot/package.dsv'
[0.766s] INFO:colcon.colcon_core.shell:Creating package script '/my_bot/install/my_bot/share/my_bot/package.sh'
[0.767s] INFO:colcon.colcon_core.shell:Creating package script '/my_bot/install/my_bot/share/my_bot/package.bash'
[0.768s] INFO:colcon.colcon_core.shell:Creating package script '/my_bot/install/my_bot/share/my_bot/package.zsh'
[0.769s] Level 1:colcon.colcon_core.environment:create_file_with_runtime_dependencies(/my_bot/install/my_bot/share/colcon-core/packages/my_bot)
[0.802s] Level 1:colcon.colcon_core.environment:create_environment_scripts_only(my_bot)
[0.802s] Level 1:colcon.colcon_core.environment:checking '/my_bot/install/my_bot' for CMake module files
[0.803s] Level 1:colcon.colcon_core.environment:checking '/my_bot/install/my_bot' for CMake config files
[0.803s] Level 1:colcon.colcon_core.shell:create_environment_hook('my_bot', 'cmake_prefix_path')
[0.803s] INFO:colcon.colcon_core.shell:Creating environment hook '/my_bot/install/my_bot/share/my_bot/hook/cmake_prefix_path.ps1'
[0.804s] INFO:colcon.colcon_core.shell:Creating environment descriptor '/my_bot/install/my_bot/share/my_bot/hook/cmake_prefix_path.dsv'
[0.805s] INFO:colcon.colcon_core.shell:Creating environment hook '/my_bot/install/my_bot/share/my_bot/hook/cmake_prefix_path.sh'
[0.805s] Level 1:colcon.colcon_core.environment:checking '/my_bot/install/my_bot/bin'
[0.806s] Level 1:colcon.colcon_core.environment:checking '/my_bot/install/my_bot/lib/pkgconfig/my_bot.pc'
[0.806s] Level 1:colcon.colcon_core.environment:checking '/my_bot/install/my_bot/lib/python3.10/site-packages'
[0.806s] Level 1:colcon.colcon_core.environment:checking '/my_bot/install/my_bot/bin'
[0.806s] INFO:colcon.colcon_core.shell:Creating package script '/my_bot/install/my_bot/share/my_bot/package.ps1'
[0.807s] INFO:colcon.colcon_core.shell:Creating package descriptor '/my_bot/install/my_bot/share/my_bot/package.dsv'
[0.808s] INFO:colcon.colcon_core.shell:Creating package script '/my_bot/install/my_bot/share/my_bot/package.sh'
[0.809s] INFO:colcon.colcon_core.shell:Creating package script '/my_bot/install/my_bot/share/my_bot/package.bash'
[0.810s] INFO:colcon.colcon_core.shell:Creating package script '/my_bot/install/my_bot/share/my_bot/package.zsh'
[0.811s] Level 1:colcon.colcon_core.environment:create_file_with_runtime_dependencies(/my_bot/install/my_bot/share/colcon-core/packages/my_bot)
[1.066s] DEBUG:colcon.colcon_core.event_handler.log_command:Invoking command in '/my_bot/build/my_robot_controller': PYTHONPATH=/my_bot/build/my_robot_controller/prefix_override:/usr/lib/python3/dist-packages/colcon_core/task/python/colcon_distutils_commands:/my_bot/install/my_robot_controller/lib/python3.10/site-packages:${PYTHONPATH} /usr/bin/python3 -W ignore:setup.py install is deprecated setup.py develop --editable --build-directory /my_bot/build/my_robot_controller/build --no-deps symlink_data
[1.477s] Level 1:colcon.colcon_core.shell:create_environment_hook('my_robot_controller', 'pythonpath_develop')
[1.477s] INFO:colcon.colcon_core.shell:Creating environment hook '/my_bot/build/my_robot_controller/share/my_robot_controller/hook/pythonpath_develop.ps1'
[1.478s] DEBUG:colcon.colcon_core.event_handler.log_command:Invoked command in '/my_bot/build/my_robot_controller' returned '0': PYTHONPATH=/my_bot/build/my_robot_controller/prefix_override:/usr/lib/python3/dist-packages/colcon_core/task/python/colcon_distutils_commands:/my_bot/install/my_robot_controller/lib/python3.10/site-packages:${PYTHONPATH} /usr/bin/python3 -W ignore:setup.py install is deprecated setup.py develop --editable --build-directory /my_bot/build/my_robot_controller/build --no-deps symlink_data
[1.479s] INFO:colcon.colcon_core.shell:Creating environment descriptor '/my_bot/build/my_robot_controller/share/my_robot_controller/hook/pythonpath_develop.dsv'
[1.479s] INFO:colcon.colcon_core.shell:Creating environment hook '/my_bot/build/my_robot_controller/share/my_robot_controller/hook/pythonpath_develop.sh'
[1.480s] Level 1:colcon.colcon_core.environment:checking '/my_bot/install/my_robot_controller' for CMake module files
[1.481s] Level 1:colcon.colcon_core.environment:checking '/my_bot/install/my_robot_controller' for CMake config files
[1.482s] Level 1:colcon.colcon_core.environment:checking '/my_bot/install/my_robot_controller/lib'
[1.483s] Level 1:colcon.colcon_core.environment:checking '/my_bot/install/my_robot_controller/bin'
[1.483s] Level 1:colcon.colcon_core.environment:checking '/my_bot/install/my_robot_controller/lib/pkgconfig/my_robot_controller.pc'
[1.484s] Level 1:colcon.colcon_core.environment:checking '/my_bot/install/my_robot_controller/lib/python3.10/site-packages'
[1.484s] Level 1:colcon.colcon_core.shell:create_environment_hook('my_robot_controller', 'pythonpath')
[1.484s] INFO:colcon.colcon_core.shell:Creating environment hook '/my_bot/install/my_robot_controller/share/my_robot_controller/hook/pythonpath.ps1'
[1.485s] INFO:colcon.colcon_core.shell:Creating environment descriptor '/my_bot/install/my_robot_controller/share/my_robot_controller/hook/pythonpath.dsv'
[1.486s] INFO:colcon.colcon_core.shell:Creating environment hook '/my_bot/install/my_robot_controller/share/my_robot_controller/hook/pythonpath.sh'
[1.487s] Level 1:colcon.colcon_core.environment:checking '/my_bot/install/my_robot_controller/bin'
[1.487s] Level 1:colcon.colcon_core.environment:create_environment_scripts_only(my_robot_controller)
[1.488s] INFO:colcon.colcon_core.shell:Creating package script '/my_bot/install/my_robot_controller/share/my_robot_controller/package.ps1'
[1.489s] INFO:colcon.colcon_core.shell:Creating package descriptor '/my_bot/install/my_robot_controller/share/my_robot_controller/package.dsv'
[1.489s] INFO:colcon.colcon_core.shell:Creating package script '/my_bot/install/my_robot_controller/share/my_robot_controller/package.sh'
[1.490s] INFO:colcon.colcon_core.shell:Creating package script '/my_bot/install/my_robot_controller/share/my_robot_controller/package.bash'
[1.491s] INFO:colcon.colcon_core.shell:Creating package script '/my_bot/install/my_robot_controller/share/my_robot_controller/package.zsh'
[1.492s] Level 1:colcon.colcon_core.environment:create_file_with_runtime_dependencies(/my_bot/install/my_robot_controller/share/colcon-core/packages/my_robot_controller)
[1.492s] DEBUG:colcon.colcon_parallel_executor.executor.parallel:closing loop
[1.493s] DEBUG:colcon.colcon_parallel_executor.executor.parallel:loop closed
[1.493s] DEBUG:colcon.colcon_parallel_executor.executor.parallel:run_until_complete finished with '0'
[1.493s] DEBUG:colcon.colcon_core.event_reactor:joining thread
[1.504s] INFO:colcon.colcon_core.plugin_system:Skipping extension 'colcon_notification.desktop_notification.notify_send': Could not find 'notify-send'
[1.504s] INFO:colcon.colcon_core.plugin_system:Skipping extension 'colcon_notification.desktop_notification.terminal_notifier': Not used on non-Darwin systems
[1.505s] INFO:colcon.colcon_core.plugin_system:Skipping extension 'colcon_notification.desktop_notification.win32': Not used on non-Windows systems
[1.505s] INFO:colcon.colcon_notification.desktop_notification:Sending desktop notification using 'notify2'
[1.519s] DEBUG:colcon.colcon_notification.desktop_notification.notify2:Failed to initialize notify2: org.freedesktop.DBus.Error.ServiceUnknown: The name org.freedesktop.Notifications was not provided by any .service files
[1.520s] DEBUG:colcon.colcon_core.event_reactor:joined thread
[1.521s] INFO:colcon.colcon_core.shell:Creating prefix script '/my_bot/install/local_setup.ps1'
[1.523s] INFO:colcon.colcon_core.shell:Creating prefix util module '/my_bot/install/_local_setup_util_ps1.py'
[1.525s] INFO:colcon.colcon_core.shell:Creating prefix chain script '/my_bot/install/setup.ps1'
[1.526s] INFO:colcon.colcon_core.shell:Creating prefix script '/my_bot/install/local_setup.sh'
[1.527s] INFO:colcon.colcon_core.shell:Creating prefix util module '/my_bot/install/_local_setup_util_sh.py'
[1.528s] INFO:colcon.colcon_core.shell:Creating prefix chain script '/my_bot/install/setup.sh'
[1.530s] INFO:colcon.colcon_core.shell:Creating prefix script '/my_bot/install/local_setup.bash'
[1.531s] INFO:colcon.colcon_core.shell:Creating prefix chain script '/my_bot/install/setup.bash'
[1.533s] INFO:colcon.colcon_core.shell:Creating prefix script '/my_bot/install/local_setup.zsh'
[1.534s] INFO:colcon.colcon_core.shell:Creating prefix chain script '/my_bot/install/setup.zsh'
